[debug] [2024-08-08T03:49:46.299Z] ----------------------------------------------------------------------
[debug] [2024-08-08T03:49:46.302Z] Command:       C:\Program Files\nodejs\node.exe C:\Users\user\AppData\Roaming\npm\node_modules\firebase-tools\lib\bin\firebase.js init
[debug] [2024-08-08T03:49:46.302Z] CLI Version:   13.15.0
[debug] [2024-08-08T03:49:46.302Z] Platform:      win32
[debug] [2024-08-08T03:49:46.302Z] Node Version:  v20.14.0
[debug] [2024-08-08T03:49:46.303Z] Time:          Thu Aug 08 2024 12:49:46 GMT+0900 (대한민국 표준시)
[debug] [2024-08-08T03:49:46.303Z] ----------------------------------------------------------------------
[debug] 
[debug] [2024-08-08T03:49:46.310Z] > command requires scopes: ["email","openid","https://www.googleapis.com/auth/cloudplatformprojects.readonly","https://www.googleapis.com/auth/firebase","https://www.googleapis.com/auth/cloud-platform"]
[debug] [2024-08-08T03:49:46.310Z] > authorizing via signed-in user (hoydi110@gmail.com)
[info] 
     ######## #### ########  ######## ########     ###     ######  ########
     ##        ##  ##     ## ##       ##     ##  ##   ##  ##       ##
     ######    ##  ########  ######   ########  #########  ######  ######
     ##        ##  ##    ##  ##       ##     ## ##     ##       ## ##
     ##       #### ##     ## ######## ########  ##     ##  ######  ########

You're about to initialize a Firebase project in this directory:

  C:\Project\mat\next-project

Before we get started, keep in mind:

  * You are currently outside your home directory

